2025-02-05 01:20:09 - Starting DemoApplication using Java 21.0.6 with PID 39020 (C:\work\demo\target\classes started by alexey in C:\work\demo)
2025-02-05 01:20:09 - Running with Spring Boot v3.4.2, Spring v6.2.2
2025-02-05 01:20:09 - No active profile set, falling back to 1 default profile: "default"
2025-02-05 01:20:09 - Bootstrapping Spring Data JPA repositories in DEFAULT mode.
2025-02-05 01:20:10 - Finished Spring Data repository scanning in 31 ms. Found 1 JPA repository interface.
2025-02-05 01:20:10 - Tomcat initialized with port 8000 (http)
2025-02-05 01:20:10 - Initializing ProtocolHandler ["http-nio-8000"]
2025-02-05 01:20:10 - Starting service [Tomcat]
2025-02-05 01:20:10 - Starting Servlet engine: [Apache Tomcat/10.1.34]
2025-02-05 01:20:10 - Initializing Spring embedded WebApplicationContext
2025-02-05 01:20:10 - Root WebApplicationContext: initialization completed in 896 ms
2025-02-05 01:20:10 - HHH000204: Processing PersistenceUnitInfo [name: default]
2025-02-05 01:20:10 - HHH000412: Hibernate ORM core version 6.0.0.Final
2025-02-05 01:20:10 - HHH90000021: Encountered deprecated setting [javax.persistence.sharedCache.mode], use [jakarta.persistence.sharedCache.mode] instead
2025-02-05 01:20:10 - HikariPool-1 - Starting...
2025-02-05 01:20:11 - HikariPool-1 - Added connection org.postgresql.jdbc.PgConnection@2bfc2f8b
2025-02-05 01:20:11 - HikariPool-1 - Start completed.
2025-02-05 01:20:11 - HHH000400: Using dialect: org.hibernate.dialect.PostgreSQLDialect
2025-02-05 01:20:11 - HHH000490: Using JtaPlatform implementation: [org.hibernate.engine.transaction.jta.platform.internal.NoJtaPlatform]
2025-02-05 01:20:11 - Initialized JPA EntityManagerFactory for persistence unit 'default'
2025-02-05 01:20:11 - spring.jpa.open-in-view is enabled by default. Therefore, database queries may be performed during view rendering. Explicitly configure spring.jpa.open-in-view to disable this warning
2025-02-05 01:20:12 - Starting ProtocolHandler ["http-nio-8000"]
2025-02-05 01:20:12 - Tomcat started on port 8000 (http) with context path '/'
2025-02-05 01:20:12 - Started DemoApplication in 3.003 seconds (process running for 3.223)
2025-02-05 01:20:24 - Initializing Spring DispatcherServlet 'dispatcherServlet'
2025-02-05 01:20:24 - Initializing Servlet 'dispatcherServlet'
2025-02-05 01:20:24 - Completed initialization in 1 ms
2025-02-05 01:20:24 - Looking for user 1
2025-02-05 01:20:52 - Looking for user 1
2025-02-05 01:26:08 - Commencing graceful shutdown. Waiting for active requests to complete
2025-02-05 01:26:08 - Graceful shutdown complete
2025-02-05 01:26:08 - Closing JPA EntityManagerFactory for persistence unit 'default'
2025-02-05 01:26:08 - HikariPool-1 - Shutdown initiated...
2025-02-05 01:26:08 - HikariPool-1 - Shutdown completed.
